<?xml version="1.0" encoding="UTF-8"?>
<!-- Generated by org.testng.reporters.JUnitReportReporter -->
<testsuite hostname="EPBYMINW4141" name="by.buglak.tests.Test1" tests="1" failures="0" timestamp="26 Mar 2014 05:21:25 GMT" time="0.008" errors="0">
  <testcase name="test1" time="0.008" classname="by.buglak.tests.Test1"/>
</testsuite> <!-- by.buglak.tests.Test1 -->
