<?xml version="1.0" encoding="UTF-8"?>
<!-- Generated by org.testng.reporters.JUnitReportReporter -->
<testsuite hostname="EPBYMINW4141" name="by.buglak.Sum.TestSum" tests="1" failures="0" timestamp="25 Mar 2014 10:23:29 GMT" time="0.013" errors="0">
  <testcase name="testAdd" time="0.013" classname="by.buglak.Sum.TestSum"/>
</testsuite> <!-- by.buglak.Sum.TestSum -->
