<?xml version="1.0" encoding="UTF-8"?>
<!-- Generated by org.testng.reporters.JUnitReportReporter -->
<testsuite hostname="EPBYMINW4141" name="by.buglak.tests.Test1" tests="1" failures="0" timestamp="26 Mar 2014 07:10:30 GMT" time="0.019" errors="0">
  <testcase name="test1" time="0.019" classname="by.buglak.tests.Test1"/>
</testsuite> <!-- by.buglak.tests.Test1 -->
